This is pdfTeX, Version 3.14159265-2.6-1.40.19 (TeX Live 2018) (preloaded format=pdflatex 2019.5.28)  29 MAY 2019 11:29
entering extended mode
 restricted \write18 enabled.
 %&-line parsing enabled.
**report.tex
(./report.tex
LaTeX2e <2018-04-01> patch level 5
(/usr/share/texlive/texmf-dist/tex/latex/base/report.cls
Document Class: report 2014/09/29 v1.4h Standard LaTeX document class
(/usr/share/texlive/texmf-dist/tex/latex/base/size10.clo
File: size10.clo 2014/09/29 v1.4h Standard LaTeX file (size option)
)
\c@part=\count80
\c@chapter=\count81
\c@section=\count82
\c@subsection=\count83
\c@subsubsection=\count84
\c@paragraph=\count85
\c@subparagraph=\count86
\c@figure=\count87
\c@table=\count88
\abovecaptionskip=\skip41
\belowcaptionskip=\skip42
\bibindent=\dimen102
)
(/usr/share/texlive/texmf-dist/tex/latex/graphics/graphicx.sty
Package: graphicx 2017/06/01 v1.1a Enhanced LaTeX Graphics (DPC,SPQR)

(/usr/share/texlive/texmf-dist/tex/latex/graphics/keyval.sty
Package: keyval 2014/10/28 v1.15 key=value parser (DPC)
\KV@toks@=\toks14
)
(/usr/share/texlive/texmf-dist/tex/latex/graphics/graphics.sty
Package: graphics 2017/06/25 v1.2c Standard LaTeX Graphics (DPC,SPQR)

(/usr/share/texlive/texmf-dist/tex/latex/graphics/trig.sty
Package: trig 2016/01/03 v1.10 sin cos tan (DPC)
)
(/usr/share/texlive/texmf-dist/tex/latex/graphics-cfg/graphics.cfg
File: graphics.cfg 2016/06/04 v1.11 sample graphics configuration
)
Package graphics Info: Driver file: pdftex.def on input line 99.

(/usr/share/texlive/texmf-dist/tex/latex/graphics-def/pdftex.def
File: pdftex.def 2018/01/08 v1.0l Graphics/color driver for pdftex
))
\Gin@req@height=\dimen103
\Gin@req@width=\dimen104
)
(./report.aux)
\openout1 = `report.aux'.

LaTeX Font Info:    Checking defaults for OML/cmm/m/it on input line 9.
LaTeX Font Info:    ... okay on input line 9.
LaTeX Font Info:    Checking defaults for T1/cmr/m/n on input line 9.
LaTeX Font Info:    ... okay on input line 9.
LaTeX Font Info:    Checking defaults for OT1/cmr/m/n on input line 9.
LaTeX Font Info:    ... okay on input line 9.
LaTeX Font Info:    Checking defaults for OMS/cmsy/m/n on input line 9.
LaTeX Font Info:    ... okay on input line 9.
LaTeX Font Info:    Checking defaults for OMX/cmex/m/n on input line 9.
LaTeX Font Info:    ... okay on input line 9.
LaTeX Font Info:    Checking defaults for U/cmr/m/n on input line 9.
LaTeX Font Info:    ... okay on input line 9.

(/usr/share/texlive/texmf-dist/tex/context/base/mkii/supp-pdf.mkii
[Loading MPS to PDF converter (version 2006.09.02).]
\scratchcounter=\count89
\scratchdimen=\dimen105
\scratchbox=\box26
\nofMPsegments=\count90
\nofMParguments=\count91
\everyMPshowfont=\toks15
\MPscratchCnt=\count92
\MPscratchDim=\dimen106
\MPnumerator=\count93
\makeMPintoPDFobject=\count94
\everyMPtoPDFconversion=\toks16
) (/usr/share/texlive/texmf-dist/tex/latex/oberdiek/epstopdf-base.sty
Package: epstopdf-base 2016/05/15 v2.6 Base part for package epstopdf

(/usr/share/texlive/texmf-dist/tex/generic/oberdiek/infwarerr.sty
Package: infwarerr 2016/05/16 v1.4 Providing info/warning/error messages (HO)
)
(/usr/share/texlive/texmf-dist/tex/latex/oberdiek/grfext.sty
Package: grfext 2016/05/16 v1.2 Manage graphics extensions (HO)

(/usr/share/texlive/texmf-dist/tex/generic/oberdiek/kvdefinekeys.sty
Package: kvdefinekeys 2016/05/16 v1.4 Define keys (HO)

(/usr/share/texlive/texmf-dist/tex/generic/oberdiek/ltxcmds.sty
Package: ltxcmds 2016/05/16 v1.23 LaTeX kernel commands for general use (HO)
)))
(/usr/share/texlive/texmf-dist/tex/latex/oberdiek/kvoptions.sty
Package: kvoptions 2016/05/16 v3.12 Key value format for package options (HO)

(/usr/share/texlive/texmf-dist/tex/generic/oberdiek/kvsetkeys.sty
Package: kvsetkeys 2016/05/16 v1.17 Key value parser (HO)

(/usr/share/texlive/texmf-dist/tex/generic/oberdiek/etexcmds.sty
Package: etexcmds 2016/05/16 v1.6 Avoid name clashes with e-TeX commands (HO)

(/usr/share/texlive/texmf-dist/tex/generic/oberdiek/ifluatex.sty
Package: ifluatex 2016/05/16 v1.4 Provides the ifluatex switch (HO)
Package ifluatex Info: LuaTeX not detected.
)
Package etexcmds Info: Could not find \expanded.
(etexcmds)             That can mean that you are not using pdfTeX 1.50 or
(etexcmds)             that some package has redefined \expanded.
(etexcmds)             In the latter case, load this package earlier.
)))
(/usr/share/texlive/texmf-dist/tex/generic/oberdiek/pdftexcmds.sty
Package: pdftexcmds 2018/01/30 v0.27 Utility functions of pdfTeX for LuaTeX (HO
)

(/usr/share/texlive/texmf-dist/tex/generic/oberdiek/ifpdf.sty
Package: ifpdf 2017/03/15 v3.2 Provides the ifpdf switch
)
Package pdftexcmds Info: LuaTeX not detected.
Package pdftexcmds Info: \pdf@primitive is available.
Package pdftexcmds Info: \pdf@ifprimitive is available.
Package pdftexcmds Info: \pdfdraftmode found.
)
Package epstopdf-base Info: Redefining graphics rule for `.eps' on input line 4
38.
Package grfext Info: Graphics extension search list:
(grfext)             [.pdf,.png,.jpg,.mps,.jpeg,.jbig2,.jb2,.PDF,.PNG,.JPG,.JPE
G,.JBIG2,.JB2,.eps]
(grfext)             \AppendGraphicsExtensions on input line 456.

(/usr/share/texlive/texmf-dist/tex/latex/latexconfig/epstopdf-sys.cfg
File: epstopdf-sys.cfg 2010/07/13 v1.3 Configuration of (r)epstopdf for TeX Liv
e
))
LaTeX Font Info:    External font `cmex10' loaded for size
(Font)              <12> on input line 10.
LaTeX Font Info:    External font `cmex10' loaded for size
(Font)              <8> on input line 10.
LaTeX Font Info:    External font `cmex10' loaded for size
(Font)              <6> on input line 10.

[1

{/usr/share/texlive/texmf-dist/fonts/map/pdftex/updmap/pdftex.map}]
LaTeX Font Info:    Try loading font information for OMS+cmr on input line 17.

(/usr/share/texlive/texmf-dist/tex/latex/base/omscmr.fd
File: omscmr.fd 2014/09/29 v2.5h Standard LaTeX font definitions
)
LaTeX Font Info:    Font shape `OMS/cmr/m/n' in size <10> not available
(Font)              Font shape `OMS/cmsy/m/n' tried instead on input line 17.
 [1

] [2]
Overfull \hbox (27.66724pt too wide) in paragraph at lines 61--62
[]\OT1/cmr/bx/n/10 volume medio gior-naliero\OT1/cmr/m/n/10 : rep-re-sented by 
the vari-able \OT1/cmr/m/it/10 vol-ume[]avg[]giornaliero
 []


Overfull \hbox (61.49498pt too wide) in paragraph at lines 71--72
[]\OT1/cmr/bx/n/10 [2.2] \OT1/cmr/m/n/10 Cal-cu-lates for each ticker the value
 of: in-cre-mento[]percentuale, prez[]min[]raggiunto,
 []


Overfull \hbox (10.91713pt too wide) in paragraph at lines 73--74
[]\OT1/cmr/bx/n/10 [2.4]\OT1/cmr/m/n/10 return ticker, in-cre-ment-Per-centuale
, prez-zoMin, prez-zoMax, vol-umeAvg 
 []

[3

]
<figure/output1map.png, id=22, 151.767pt x 48.18pt>
File: figure/output1map.png Graphic file (type png)
<use figure/output1map.png>
Package pdftex.def Info: figure/output1map.png  used on input line 79.
(pdftex.def)             Requested size: 413.99895pt x 131.44183pt.

Overfull \hbox (42.76842pt too wide) in paragraph at lines 78--80
[]  [] 
 []


Overfull \hbox (11.66376pt too wide) in paragraph at lines 85--86
[]\OT1/cmr/m/n/10 create ta-ble "prices" and up-load data from the csv "\OT1/cm
r/m/it/10 his-tor-i-cal[]stock[]prices.csv 
 []

<figure/output1hive.png, id=24, 180.675pt x 60.225pt>
File: figure/output1hive.png Graphic file (type png)
<use figure/output1hive.png>
Package pdftex.def Info: figure/output1hive.png  used on input line 93.
(pdftex.def)             Requested size: 413.99895pt x 138.0128pt.

Overfull \hbox (42.76842pt too wide) in paragraph at lines 92--94
[]  [] 
 []

[4 <./figure/output1map.png> <./figure/output1hive.png>]
<figure/output1spark.png, id=30, 180.675pt x 60.225pt>
File: figure/output1spark.png Graphic file (type png)
<use figure/output1spark.png>
Package pdftex.def Info: figure/output1spark.png  used on input line 109.
(pdftex.def)             Requested size: 482.9979pt x 161.01524pt.

Overfull \hbox (83.3146pt too wide) in paragraph at lines 108--110
[]  [] 
 []

[5 <./figure/output1spark.png>]
Overfull \hbox (19.59502pt too wide) in paragraph at lines 138--139
[]\OT1/cmr/bx/n/10 [2.2]\OT1/cmr/m/n/10 calculates the "vol-ume[]complessivo","
percentuale[]di[]variazione[]annuale",
 []

[6

]
<figure/output2map.png, id=39, 168.63pt x 96.36pt>
File: figure/output2map.png Graphic file (type png)
<use figure/output2map.png>
Package pdftex.def Info: figure/output2map.png  used on input line 145.
(pdftex.def)             Requested size: 413.99895pt x 236.57657pt.

Overfull \hbox (42.76842pt too wide) in paragraph at lines 144--146
[]  [] 
 []


Overfull \hbox (65.8952pt too wide) in paragraph at lines 154--155
[]\OT1/cmr/m/n/10 create ta-ble "sumOfVol-ume" for ex-clu-sive cal-cu-la-tion o
f the "vol-ume[]complessivo[]settore"
 []

[7 <./figure/output2map.png>]
<figure/output2hive.png, id=44, 216.81pt x 120.45pt>
File: figure/output2hive.png Graphic file (type png)
<use figure/output2hive.png>
Package pdftex.def Info: figure/output2hive.png  used on input line 164.
(pdftex.def)             Requested size: 448.50105pt x 249.1994pt.

Overfull \hbox (77.27052pt too wide) in paragraph at lines 163--165
[]  [] 
 []

[8 <./figure/output2hive.png>]
Overfull \hbox (35.92294pt too wide) in paragraph at lines 173--174
[]\OT1/cmr/m/n/10 create dataframe "vol-ume-Com-p-lessivo" for cal-cu-late "vol
-ume[]complessivo[]settore"
 []


Overfull \hbox (18.63948pt too wide) in paragraph at lines 176--177
[]\OT1/cmr/m/n/10 create dataframe "a" e "b" con-tain-ing for each sec-tor and 
year the sum("close")
 []


Overfull \hbox (20.20071pt too wide) in paragraph at lines 178--179
[]\OT1/cmr/m/n/10 create fi-nal dataframe con-tain-ing sec-tor,year,"percentual
e[]variazione[]annuale",
 []

<figure/output2spark.png, id=49, 132.495pt x 108.405pt>
File: figure/output2spark.png Graphic file (type png)
<use figure/output2spark.png>
Package pdftex.def Info: figure/output2spark.png  used on input line 183.
(pdftex.def)             Requested size: 276.00105pt x 225.86247pt.
[9 <./figure/output2spark.png>]
Overfull \hbox (40.71161pt too wide) in paragraph at lines 212--213
[]\OT1/cmr/bx/n/10 [2.2]\OT1/cmr/m/n/10 for each year and for each com-pany nam
e cal-cu-lates the "per-centuale[]variazione
 []


Overfull \hbox (11.11719pt too wide) in paragraph at lines 213--214
[]\OT1/cmr/bx/n/10 [2.3]\OT1/cmr/m/n/10 for each com-pany, emit the trend that 
"per-centuale[]variazione[]annuale",
 []

[10

]
<figure/output3map.png, id=57, 240.9pt x 31.317pt>
File: figure/output3map.png Graphic file (type png)
<use figure/output3map.png>
Package pdftex.def Info: figure/output3map.png  used on input line 227.
(pdftex.def)             Requested size: 621.00105pt x 80.73795pt.

Overfull \hbox (144.4954pt too wide) in paragraph at lines 226--228
[]  [] 
 []


Overfull \hbox (54.25635pt too wide) in paragraph at lines 240--241
[]\OT1/cmr/m/n/10 create ta-ble "finalTable" and take name1,name2,year,"percent
uale[]variazione[]annuale"
 []


Overfull \hbox (52.94412pt too wide) in paragraph at lines 240--241
\OT1/cmr/m/n/10 FROM 2 ta-bles "per-centuale" re-named n1 and n2 with con-di-ti
ons: n1.name!=n2.name,
 []


Overfull \hbox (27.08968pt too wide) in paragraph at lines 240--241
\OT1/cmr/m/n/10 n1.sector!=n2.sector, n1.anno==n2.anno e n1." per-centuale[]var
iazione[]annuale"
 []


Overfull \hbox (13.94388pt too wide) in paragraph at lines 241--242
[]\OT1/cmr/m/n/10 final query is the se-lec-tion of the re-quired fields FROM t
ree ta-bles "finalTable"
 []

[11 <./figure/output3map.png>]
<figure/output3hive.png, id=62, 277.035pt x 120.45pt>
File: figure/output3hive.png Graphic file (type png)
<use figure/output3hive.png>
Package pdftex.def Info: figure/output3hive.png  used on input line 247.
(pdftex.def)             Requested size: 517.5pt x 225.02713pt.

Overfull \hbox (89.36395pt too wide) in paragraph at lines 246--248
[]  [] 
 []

[12 <./figure/output3hive.png>]
Overfull \hbox (18.63948pt too wide) in paragraph at lines 257--258
[]\OT1/cmr/m/n/10 create dataframe "a" e "b" con-tain-ing for each sec-tor and 
year the sum("close")
 []

<figure/output3spark.png, id=68, 156.585pt x 60.225pt>
File: figure/output3spark.png Graphic file (type png)
<use figure/output3spark.png>
Package pdftex.def Info: figure/output3spark.png  used on input line 266.
(pdftex.def)             Requested size: 413.99895pt x 159.25267pt.

Overfull \hbox (42.76842pt too wide) in paragraph at lines 265--267
[]  [] 
 []

[13 <./figure/output3spark.png>]
<figure/valori.png, id=73, 219.219pt x 48.18pt>
File: figure/valori.png Graphic file (type png)
<use figure/valori.png>
Package pdftex.def Info: figure/valori.png  used on input line 279.
(pdftex.def)             Requested size: 413.99895pt x 91.00108pt.

Overfull \hbox (42.76842pt too wide) in paragraph at lines 278--280
[]  [] 
 []

[14

 <./figure/valori.png>]
<figure/grafico1.png, id=78, 175.857pt x 84.315pt>
File: figure/grafico1.png Graphic file (type png)
<use figure/grafico1.png>
Package pdftex.def Info: figure/grafico1.png  used on input line 291.
(pdftex.def)             Requested size: 517.5pt x 248.17767pt.

Overfull \hbox (109.28079pt too wide) in paragraph at lines 289--292
[]  [] 
 []


Underfull \hbox (badness 10000) in paragraph at lines 295--297

 []

[15 <./figure/grafico1.png>]
<figure/sparktime.png, id=83, 84.315pt x 48.18pt>
File: figure/sparktime.png Graphic file (type png)
<use figure/sparktime.png>
Package pdftex.def Info: figure/sparktime.png  used on input line 303.
(pdftex.def)             Requested size: 165.59705pt x 94.62912pt.

Overfull \hbox (27.59915pt too wide) in paragraph at lines 303--304
[][] 
 []

LaTeX Font Info:    External font `cmex10' loaded for size
(Font)              <7> on input line 305.
LaTeX Font Info:    External font `cmex10' loaded for size
(Font)              <5> on input line 305.
<figure/sparkchart.png, id=84, 132.495pt x 72.27pt>
File: figure/sparkchart.png Graphic file (type png)
<use figure/sparkchart.png>
Package pdftex.def Info: figure/sparkchart.png  used on input line 307.
(pdftex.def)             Requested size: 317.39557pt x 173.15817pt.

Overfull \hbox (179.39767pt too wide) in paragraph at lines 307--308
[][] 
 []

<figure/hivetime.png, id=85, 79.497pt x 50.589pt>
File: figure/hivetime.png Graphic file (type png)
<use figure/hivetime.png>
Package pdftex.def Info: figure/hivetime.png  used on input line 317.
(pdftex.def)             Requested size: 137.9979pt x 87.83037pt.
<figure/hivechart.png, id=86, 98.769pt x 62.1522pt>
File: figure/hivechart.png Graphic file (type png)
<use figure/hivechart.png>
Package pdftex.def Info: figure/hivechart.png  used on input line 322.
(pdftex.def)             Requested size: 275.99579pt x 173.70819pt.

Overfull \hbox (168.67285pt too wide) in paragraph at lines 321--323
[]  [] 
 []

[16 <./figure/sparktime.png> <./figure/sparkchart.png> <./figure/hivetime.png> 
<./figure/hivechart.png>]
<figure/maptime.png, id=94, 84.315pt x 48.18pt>
File: figure/maptime.png Graphic file (type png)
<use figure/maptime.png>
Package pdftex.def Info: figure/maptime.png  used on input line 332.
(pdftex.def)             Requested size: 137.9979pt x 78.8576pt.
<figure/mapchart.png, id=95, 120.45pt x 60.225pt>
File: figure/mapchart.png Graphic file (type png)
<use figure/mapchart.png>
Package pdftex.def Info: figure/mapchart.png  used on input line 337.
(pdftex.def)             Requested size: 331.19409pt x 165.61371pt.

Overfull \hbox (198.26385pt too wide) in paragraph at lines 336--338
[]  [] 
 []

[17 <./figure/maptime.png> <./figure/mapchart.png>] (./report.aux) ) 
Here is how much of TeX's memory you used:
 1562 strings out of 494587
 23052 string characters out of 6177759
 79916 words of memory out of 5000000
 5186 multiletter control sequences out of 15000+600000
 8847 words of font info for 31 fonts, out of 8000000 for 9000
 14 hyphenation exceptions out of 8191
 41i,7n,25p,355b,322s stack positions out of 5000i,500n,10000p,200000b,80000s
</usr/share
/texlive/texmf-dist/fonts/type1/public/amsfonts/cm/cmbx10.pfb></usr/share/texli
ve/texmf-dist/fonts/type1/public/amsfonts/cm/cmbx12.pfb></usr/share/texlive/tex
mf-dist/fonts/type1/public/amsfonts/cm/cmr10.pfb></usr/share/texlive/texmf-dist
/fonts/type1/public/amsfonts/cm/cmr12.pfb></usr/share/texlive/texmf-dist/fonts/
type1/public/amsfonts/cm/cmr17.pfb></usr/share/texlive/texmf-dist/fonts/type1/p
ublic/amsfonts/cm/cmsy10.pfb></usr/share/texlive/texmf-dist/fonts/type1/public/
amsfonts/cm/cmti10.pfb>
Output written on report.pdf (18 pages, 549910 bytes).
PDF statistics:
 125 PDF objects out of 1000 (max. 8388607)
 63 compressed objects within 1 object stream
 0 named destinations out of 1000 (max. 500000)
 86 words of extra memory for PDF output out of 10000 (max. 10000000)

